<?xml version="1.0" encoding="UTF-8"?>
<!-- Generated by org.testng.reporters.JUnitXMLReporter -->
<testsuite ignored="0" hostname="SUCSekhar98" failures="0" tests="4" name="Test" time="10.257" errors="0" timestamp="2025-04-07T19:30:33 IST">
  <testcase classname="org.uma.api.validations.UserValidations" name="validatePostUser" time="3.394"/>
  <testcase classname="org.uma.api.validations.UserValidations" name="validateGetUser" time="1.741"/>
  <testcase classname="org.uma.api.validations.UserValidations" name="validateUpdateUser" time="3.223"/>
  <testcase classname="org.uma.api.validations.UserValidations" name="validateDeleteUser" time="1.522"/>
</testsuite> <!-- Test -->
