<?xml version="1.0" encoding="UTF-8"?>
<!-- Generated by org.testng.reporters.JUnitXMLReporter -->
<testsuite ignored="0" hostname="SUCSekhar98" failures="0" tests="4" name="Test" time="12.568" errors="0" timestamp="2025-03-29T10:36:02 IST">
  <testcase classname="org.uma.api.validations.UserValidations" name="validatePostUser" time="3.517"/>
  <testcase classname="org.uma.api.validations.UserValidations" name="validateGetUser" time="1.694"/>
  <testcase classname="org.uma.api.validations.UserValidations" name="validateUpdateUser" time="5.038"/>
  <testcase classname="org.uma.api.validations.UserValidations" name="validateDeleteUser" time="1.628"/>
</testsuite> <!-- Test -->
