<?xml version="1.0" encoding="UTF-8"?>
<!-- Generated by org.testng.reporters.JUnitXMLReporter -->
<testsuite ignored="0" hostname="SUCSekhar98" failures="2" tests="4" name="Test1" time="10.272" errors="0" timestamp="2025-04-07T19:33:42 IST">
  <testcase classname="org.uma.api.validations.UserValidations" name="validatePostUser" time="3.59"/>
  <testcase classname="org.uma.api.validations.UserValidations" name="validateGetUser" time="1.582">
    <failure type="java.lang.AssertionError" message="expected [200] but found [404]">
      <![CDATA[java.lang.AssertionError: expected [200] but found [404]
at org.uma.api.validations.UserValidations.validateGetUser(UserValidations.java:52)
at java.base/java.util.ArrayList.forEach(ArrayList.java:1596)
... Removed 32 stack frames]]>
    </failure>
  </testcase> <!-- validateGetUser -->
  <testcase classname="org.uma.api.validations.UserValidations" name="validateUpdateUser" time="2.918">
    <failure type="java.lang.AssertionError" message="expected [Doug] but found [Alison]">
      <![CDATA[java.lang.AssertionError: expected [Doug] but found [Alison]
at org.uma.api.validations.UserValidations.validateUpdateUser(UserValidations.java:73)
at java.base/java.util.ArrayList.forEach(ArrayList.java:1596)
... Removed 31 stack frames]]>
    </failure>
  </testcase> <!-- validateUpdateUser -->
  <testcase classname="org.uma.api.validations.UserValidations" name="validateDeleteUser" time="1.469"/>
</testsuite> <!-- Test1 -->
