<?xml version="1.0" encoding="UTF-8"?>
<testng-results ignored="0" total="1" passed="1" failed="0" skipped="0">
  <reporter-output>
  </reporter-output>
  <suite started-at="2025-03-30T13:48:52 IST" name="Default suite" finished-at="2025-03-30T13:48:54 IST" duration-ms="2410">
    <groups>
      <group name="sanity">
        <method signature="AuthValidations.validLogin()[pri:1, instance:org.uma.api.validations.Ecommerce.AuthValidations@4443ef6f]" name="validLogin" class="org.uma.api.validations.Ecommerce.AuthValidations"/>
      </group> <!-- sanity -->
      <group name="LoginAPI">
        <method signature="AuthValidations.validLogin()[pri:1, instance:org.uma.api.validations.Ecommerce.AuthValidations@4443ef6f]" name="validLogin" class="org.uma.api.validations.Ecommerce.AuthValidations"/>
      </group> <!-- LoginAPI -->
    </groups>
    <test started-at="2025-03-30T13:48:52 IST" name="Default test" finished-at="2025-03-30T13:48:54 IST" duration-ms="2410">
      <class name="org.uma.api.validations.Ecommerce.AuthValidations">
        <test-method signature="validLogin()[pri:1, instance:org.uma.api.validations.Ecommerce.AuthValidations@4443ef6f]" started-at="2025-03-30T13:48:52 IST" name="validLogin" description="Validate creating a new user" finished-at="2025-03-30T13:48:54 IST" duration-ms="2342" status="PASS">
          <reporter-output>
          </reporter-output>
        </test-method> <!-- validLogin -->
      </class> <!-- org.uma.api.validations.Ecommerce.AuthValidations -->
    </test> <!-- Default test -->
  </suite> <!-- Default suite -->
</testng-results>
